<?xml version="1.0" encoding="UTF-8"?>
<!-- Generated by org.testng.reporters.JUnitReportReporter -->
<testsuite skipped="0" hostname="DESKTOP-BBVGNLM" name="BaseClass.Base" tests="1" failures="0" timestamp="17 Aug 2020 13:33:23 GMT" time="26.865" errors="0">
  <testcase name="testMethod" time="26.865" classname="BaseClass.Base"/>
</testsuite> <!-- BaseClass.Base -->
